[32mjoga-bonito:build: [0mcache hit, replaying output [2m23c3512e57c523de[0m
[32mjoga-bonito:build: [0m$ next build
[32mjoga-bonito:build: [0minfo  - Loaded env from /Users/tommy/_src/personal/joga-bonito/apps/web/.env
[32mjoga-bonito:build: [0minfo  - Checking validity of types...
[32mjoga-bonito:build: [0minfo  - Creating an optimized production build...
[32mjoga-bonito:build: [0minfo  - Compiled successfully
[32mjoga-bonito:build: [0minfo  - Collecting page data...
[32mjoga-bonito:build: [0minfo  - Generating static pages (0/3)
[32mjoga-bonito:build: [0minfo  - Generating static pages (3/3)
[32mjoga-bonito:build: [0minfo  - Finalizing page optimization...
[32mjoga-bonito:build: [0m
[32mjoga-bonito:build: [0mPage                                       Size     First Load JS
[32mjoga-bonito:build: [0m┌ λ /                                      503 B           145 kB
[32mjoga-bonito:build: [0m├   /_app                                  0 B            80.9 kB
[32mjoga-bonito:build: [0m├ ○ /404                                   592 B           104 kB
[32mjoga-bonito:build: [0m├ λ /api/auth/[...nextauth]                0 B            80.9 kB
[32mjoga-bonito:build: [0m├ λ /api/cageball                          0 B            80.9 kB
[32mjoga-bonito:build: [0m├ λ /api/cageball/available/simple         0 B            80.9 kB
[32mjoga-bonito:build: [0m├ λ /api/cageball/import                   0 B            80.9 kB
[32mjoga-bonito:build: [0m├ λ /api/user/[id]                         0 B            80.9 kB
[32mjoga-bonito:build: [0m├ λ /api/vote                              0 B            80.9 kB
[32mjoga-bonito:build: [0m├ λ /api/vote/[id]                         0 B            80.9 kB
[32mjoga-bonito:build: [0m├ λ /api/vote/weeknumber/[weekNumber]      0 B            80.9 kB
[32mjoga-bonito:build: [0m├ λ /sign-in                               3.47 kB         106 kB
[32mjoga-bonito:build: [0m├ ○ /verify-request                        446 B           103 kB
[32mjoga-bonito:build: [0m└ λ /week/[weekNumber]                     451 B           145 kB
[32mjoga-bonito:build: [0m+ First Load JS shared by all              80.9 kB
[32mjoga-bonito:build: [0m  ├ chunks/framework-0bff4c72fef67389.js   42 kB
[32mjoga-bonito:build: [0m  ├ chunks/main-1620fe742cfceb1f.js        27.6 kB
[32mjoga-bonito:build: [0m  ├ chunks/pages/_app-4de3e3ec895712c8.js  10.1 kB
[32mjoga-bonito:build: [0m  └ chunks/webpack-9b0e45c24ba97727.js     1.07 kB
[32mjoga-bonito:build: [0m
[32mjoga-bonito:build: [0mλ  (Server)  server-side renders at runtime (uses getInitialProps or getServerSideProps)
[32mjoga-bonito:build: [0m○  (Static)  automatically rendered as static HTML (uses no initial props)
[32mjoga-bonito:build: [0m
